<?xml version='1.0' encoding='UTF-8'?>
<testsuite hostname="DESKTOP-CCEL0AB" name="tests.UnionFindSpec" tests="2" errors="0" failures="0" skipped="0" time="7.295" timestamp="2024-09-27T11:54:27">
          <properties>
      <property name="java.specification.version" value="22"/><property name="sun.cpu.isalist" value="amd64"/><property name="sun.jnu.encoding" value="Cp1252"/><property name="sun.arch.data.model" value="64"/><property name="java.vendor.url" value="https://java.oracle.com/"/><property name="sun.boot.library.path" value="C:\Program Files\Java\jdk-22\bin"/><property name="sun.java.command" value="xsbt.boot.Boot"/><property name="jdk.debug" value="release"/><property name="java.specification.vendor" value="Oracle Corporation"/><property name="java.version.date" value="2024-07-16"/><property name="java.home" value="C:\Program Files\Java\jdk-22"/><property name="file.separator" value="\"/><property name="java.vm.compressedOopsMode" value="32-bit"/><property name="line.separator" value="
"/><property name="java.vm.specification.vendor" value="Oracle Corporation"/><property name="java.specification.name" value="Java Platform API Specification"/><property name="user.script" value=""/><property name="sun.management.compiler" value="HotSpot 64-Bit Tiered Compilers"/><property name="java.runtime.version" value="22.0.2+9-70"/><property name="user.name" value="Zord"/><property name="log4j.ignoreTCL" value="true"/><property name="file.encoding" value="UTF-8"/><property name="jnidispatch.path" value="C:\Users\Zord\AppData\Local\Temp\jna-2791495\jna9296471053978445601.dll"/><property name="jna.loaded" value="true"/><property name="java.io.tmpdir" value="C:\Users\Zord\AppData\Local\Temp\"/><property name="java.version" value="22.0.2"/><property name="java.vm.specification.name" value="Java Virtual Machine Specification"/><property name="sun.os.patch.level" value=""/><property name="native.encoding" value="Cp1252"/><property name="java.library.path" value="C:\Program Files\Java\jdk-22\bin;C:\Windows\Sun\Java\bin;C:\Windows\system32;C:\Windows;C:\Program Files\Common Files\Oracle\Java\javapath;C:\Program Files\Python38\Scripts\;C:\Program Files\Python38\;C:\Windows\system32;C:\Windows;C:\Windows\System32\Wbem;C:\Windows\System32\WindowsPowerShell\v1.0\;C:\Windows\System32\OpenSSH\;C:\Program Files (x86)\NVIDIA Corporation\PhysX\Common;C:\Program Files\NVIDIA Corporation\NVIDIA NvDLISR;C:\Program Files\dotnet\;C:\Program Files (x86)\QuickTime\QTSystem\;C:\Program Files (x86)\FFmepg;C:\Program Files\nodejs\;C:\Program Files\Docker\Docker\resources\bin;C:\Program Files (x86)\sbt\bin;C:\Program Files\MATLAB\R2024b\bin;C:\Program Files (x86)\Windows Kits\10\Windows Performance Toolkit\;C:\Program Files\Git\cmd;C:\Users\Zord\AppData\Local\Microsoft\WindowsApps;C:\Users\Zord\AppData\Local\Programs\Microsoft VS Code\bin;C:\Users\Zord\AppData\Local\GitHubDesktop\bin;C:\Users\Zord\AppData\Roaming\npm;C:\Users\Zord\.dotnet\tools;."/><property name="stderr.encoding" value="cp437"/><property name="java.vendor" value="Oracle Corporation"/><property name="scala.ext.dirs" value="C:\Users\Zord\.sbt\1.0\java9-rt-ext-oracle_corporation_22_0_2"/><property name="sun.io.unicode.encoding" value="UnicodeLittle"/><property name="java.class.path" value="C:\Program Files (x86)\sbt\\bin\sbt-launch.jar"/><property name="java.vm.vendor" value="Oracle Corporation"/><property name="user.variant" value=""/><property name="jline.shutdownhook" value="false"/><property name="user.timezone" value="Asia/Riyadh"/><property name="java.vm.specification.version" value="22"/><property name="os.name" value="Windows 11"/><property name="sun.java.launcher" value="SUN_STANDARD"/><property name="user.country" value="US"/><property name="sun.cpu.endian" value="little"/><property name="user.home" value="C:\Users\Zord"/><property name="user.language" value="en"/><property name="sbt.ipcsocket.tmpdir" value="C:\Users\Zord\AppData\Local\Temp\.sbt9c91a20d\ipcsocket"/><property name="swoval.tmpdir" value="C:\Users\Zord\AppData\Local\Temp\.sbt9c91a20d\swoval"/><property name="jline.esc.timeout" value="0"/><property name="stdout.encoding" value="cp437"/><property name="path.separator" value=";"/><property name="os.version" value="10.0"/><property name="jna.nosys" value="true"/><property name="java.runtime.name" value="Java(TM) SE Runtime Environment"/><property name="java.vm.name" value="Java HotSpot(TM) 64-Bit Server VM"/><property name="java.vendor.url.bug" value="https://bugreport.java.com/bugreport/"/><property name="user.dir" value="C:\Aalto\DSA\A1140-scala3-r3-unionFind"/><property name="os.arch" value="amd64"/><property name="java.vm.info" value="mixed mode, sharing"/><property name="java.vm.version" value="22.0.2+9-70"/><property name="java.class.version" value="66.0"/>
    </properties>
          <testcase classname="tests.UnionFindSpec" name="The solve method should be correct" time="0.02">
                      
                    </testcase><testcase classname="tests.UnionFindSpec" name="The solve method should correct and efficient" time="7.275">
                      
                    </testcase>
          <system-out><![CDATA[]]></system-out>
          <system-err><![CDATA[]]></system-err>
        </testsuite>